<?xml version="1.0" encoding="UTF-8"?>
<testsuite xmlns:xsi="http://www.w3.org/2001/XMLSchema-instance" xsi:noNamespaceSchemaLocation="https://maven.apache.org/surefire/maven-surefire-plugin/xsd/surefire-test-report-3.0.xsd" version="3.0" name="ApplicationTest" time="0.035" tests="8" errors="0" skipped="0" failures="0">
  <properties>
    <property name="java.specification.version" value="20"/>
    <property name="sun.jnu.encoding" value="UTF-8"/>
    <property name="java.class.path" value="/Users/pedroalmeida/workspace/ES-2023-LIGEPL-Grupo-D/target/test-classes:/Users/pedroalmeida/workspace/ES-2023-LIGEPL-Grupo-D/target/classes:/Users/pedroalmeida/.m2/repository/org/springframework/boot/spring-boot-starter-web/2.6.4/spring-boot-starter-web-2.6.4.jar:/Users/pedroalmeida/.m2/repository/org/springframework/boot/spring-boot-starter/2.6.4/spring-boot-starter-2.6.4.jar:/Users/pedroalmeida/.m2/repository/org/springframework/boot/spring-boot/2.6.4/spring-boot-2.6.4.jar:/Users/pedroalmeida/.m2/repository/org/springframework/boot/spring-boot-autoconfigure/2.6.4/spring-boot-autoconfigure-2.6.4.jar:/Users/pedroalmeida/.m2/repository/org/springframework/boot/spring-boot-starter-logging/2.6.4/spring-boot-starter-logging-2.6.4.jar:/Users/pedroalmeida/.m2/repository/ch/qos/logback/logback-classic/1.2.10/logback-classic-1.2.10.jar:/Users/pedroalmeida/.m2/repository/ch/qos/logback/logback-core/1.2.10/logback-core-1.2.10.jar:/Users/pedroalmeida/.m2/repository/org/apache/logging/log4j/log4j-to-slf4j/2.17.1/log4j-to-slf4j-2.17.1.jar:/Users/pedroalmeida/.m2/repository/org/apache/logging/log4j/log4j-api/2.17.1/log4j-api-2.17.1.jar:/Users/pedroalmeida/.m2/repository/org/slf4j/jul-to-slf4j/1.7.36/jul-to-slf4j-1.7.36.jar:/Users/pedroalmeida/.m2/repository/jakarta/annotation/jakarta.annotation-api/1.3.5/jakarta.annotation-api-1.3.5.jar:/Users/pedroalmeida/.m2/repository/org/springframework/spring-core/5.3.16/spring-core-5.3.16.jar:/Users/pedroalmeida/.m2/repository/org/springframework/spring-jcl/5.3.16/spring-jcl-5.3.16.jar:/Users/pedroalmeida/.m2/repository/org/yaml/snakeyaml/1.29/snakeyaml-1.29.jar:/Users/pedroalmeida/.m2/repository/org/springframework/boot/spring-boot-starter-json/2.6.4/spring-boot-starter-json-2.6.4.jar:/Users/pedroalmeida/.m2/repository/com/fasterxml/jackson/datatype/jackson-datatype-jdk8/2.13.1/jackson-datatype-jdk8-2.13.1.jar:/Users/pedroalmeida/.m2/repository/com/fasterxml/jackson/datatype/jackson-datatype-jsr310/2.13.1/jackson-datatype-jsr310-2.13.1.jar:/Users/pedroalmeida/.m2/repository/com/fasterxml/jackson/module/jackson-module-parameter-names/2.13.1/jackson-module-parameter-names-2.13.1.jar:/Users/pedroalmeida/.m2/repository/org/springframework/boot/spring-boot-starter-tomcat/2.6.4/spring-boot-starter-tomcat-2.6.4.jar:/Users/pedroalmeida/.m2/repository/org/apache/tomcat/embed/tomcat-embed-core/9.0.58/tomcat-embed-core-9.0.58.jar:/Users/pedroalmeida/.m2/repository/org/apache/tomcat/embed/tomcat-embed-el/9.0.58/tomcat-embed-el-9.0.58.jar:/Users/pedroalmeida/.m2/repository/org/apache/tomcat/embed/tomcat-embed-websocket/9.0.58/tomcat-embed-websocket-9.0.58.jar:/Users/pedroalmeida/.m2/repository/org/springframework/spring-web/5.3.16/spring-web-5.3.16.jar:/Users/pedroalmeida/.m2/repository/org/springframework/spring-beans/5.3.16/spring-beans-5.3.16.jar:/Users/pedroalmeida/.m2/repository/org/springframework/spring-webmvc/5.3.16/spring-webmvc-5.3.16.jar:/Users/pedroalmeida/.m2/repository/org/springframework/spring-aop/5.3.16/spring-aop-5.3.16.jar:/Users/pedroalmeida/.m2/repository/org/springframework/spring-context/5.3.16/spring-context-5.3.16.jar:/Users/pedroalmeida/.m2/repository/org/springframework/spring-expression/5.3.16/spring-expression-5.3.16.jar:/Users/pedroalmeida/.m2/repository/org/springframework/boot/spring-boot-starter-thymeleaf/2.6.4/spring-boot-starter-thymeleaf-2.6.4.jar:/Users/pedroalmeida/.m2/repository/org/thymeleaf/thymeleaf-spring5/3.0.15.RELEASE/thymeleaf-spring5-3.0.15.RELEASE.jar:/Users/pedroalmeida/.m2/repository/org/thymeleaf/thymeleaf/3.0.15.RELEASE/thymeleaf-3.0.15.RELEASE.jar:/Users/pedroalmeida/.m2/repository/org/attoparser/attoparser/2.0.5.RELEASE/attoparser-2.0.5.RELEASE.jar:/Users/pedroalmeida/.m2/repository/org/unbescape/unbescape/1.1.6.RELEASE/unbescape-1.1.6.RELEASE.jar:/Users/pedroalmeida/.m2/repository/org/slf4j/slf4j-api/1.7.36/slf4j-api-1.7.36.jar:/Users/pedroalmeida/.m2/repository/org/thymeleaf/extras/thymeleaf-extras-java8time/3.0.4.RELEASE/thymeleaf-extras-java8time-3.0.4.RELEASE.jar:/Users/pedroalmeida/.m2/repository/org/junit/jupiter/junit-jupiter-api/5.8.2/junit-jupiter-api-5.8.2.jar:/Users/pedroalmeida/.m2/repository/org/opentest4j/opentest4j/1.2.0/opentest4j-1.2.0.jar:/Users/pedroalmeida/.m2/repository/org/junit/platform/junit-platform-commons/1.8.2/junit-platform-commons-1.8.2.jar:/Users/pedroalmeida/.m2/repository/org/apiguardian/apiguardian-api/1.1.2/apiguardian-api-1.1.2.jar:/Users/pedroalmeida/.m2/repository/org/junit/jupiter/junit-jupiter-engine/5.8.2/junit-jupiter-engine-5.8.2.jar:/Users/pedroalmeida/.m2/repository/org/junit/platform/junit-platform-engine/1.8.2/junit-platform-engine-1.8.2.jar:/Users/pedroalmeida/.m2/repository/com/fasterxml/jackson/core/jackson-databind/2.15.0-rc1/jackson-databind-2.15.0-rc1.jar:/Users/pedroalmeida/.m2/repository/com/fasterxml/jackson/core/jackson-annotations/2.13.1/jackson-annotations-2.13.1.jar:/Users/pedroalmeida/.m2/repository/com/fasterxml/jackson/core/jackson-core/2.13.1/jackson-core-2.13.1.jar:/Users/pedroalmeida/.m2/repository/com/fasterxml/jackson/dataformat/jackson-dataformat-csv/2.13.1/jackson-dataformat-csv-2.13.1.jar:/Users/pedroalmeida/.m2/repository/com/opencsv/opencsv/5.5.2/opencsv-5.5.2.jar:/Users/pedroalmeida/.m2/repository/org/apache/commons/commons-lang3/3.12.0/commons-lang3-3.12.0.jar:/Users/pedroalmeida/.m2/repository/org/apache/commons/commons-text/1.9/commons-text-1.9.jar:/Users/pedroalmeida/.m2/repository/commons-beanutils/commons-beanutils/1.9.4/commons-beanutils-1.9.4.jar:/Users/pedroalmeida/.m2/repository/commons-logging/commons-logging/1.2/commons-logging-1.2.jar:/Users/pedroalmeida/.m2/repository/commons-collections/commons-collections/3.2.2/commons-collections-3.2.2.jar:/Users/pedroalmeida/.m2/repository/org/apache/commons/commons-collections4/4.4/commons-collections4-4.4.jar:/Users/pedroalmeida/.m2/repository/com/googlecode/json-simple/json-simple/1.1.1/json-simple-1.1.1.jar:/Users/pedroalmeida/.m2/repository/junit/junit/4.13.2/junit-4.13.2.jar:/Users/pedroalmeida/.m2/repository/org/hamcrest/hamcrest-core/2.2/hamcrest-core-2.2.jar:/Users/pedroalmeida/.m2/repository/org/hamcrest/hamcrest/2.2/hamcrest-2.2.jar:/Users/pedroalmeida/.m2/repository/com/github/wnameless/json-flattener/0.5.0/json-flattener-0.5.0.jar:/Users/pedroalmeida/.m2/repository/com/eclipsesource/minimal-json/minimal-json/0.9.5/minimal-json-0.9.5.jar:/Users/pedroalmeida/.m2/repository/org/apache/commons/commons-csv/1.9.0/commons-csv-1.9.0.jar:/Users/pedroalmeida/.m2/repository/io/7mind/izumi/fundamentals-json-circe_sjs0.6_2.12/0.10.2-M8/fundamentals-json-circe_sjs0.6_2.12-0.10.2-M8.jar:/Users/pedroalmeida/.m2/repository/org/scala-lang/scala-library/2.12.10/scala-library-2.12.10.jar:/Users/pedroalmeida/.m2/repository/io/7mind/izumi/fundamentals-platform_sjs0.6_2.12/0.10.2-M8/fundamentals-platform_sjs0.6_2.12-0.10.2-M8.jar:/Users/pedroalmeida/.m2/repository/io/7mind/izumi/fundamentals-collections_sjs0.6_2.12/0.10.2-M8/fundamentals-collections_sjs0.6_2.12-0.10.2-M8.jar:/Users/pedroalmeida/.m2/repository/io/7mind/izumi/fundamentals-functional_sjs0.6_2.12/0.10.2-M8/fundamentals-functional_sjs0.6_2.12-0.10.2-M8.jar:/Users/pedroalmeida/.m2/repository/org/scala-js/scalajs-library_2.12/0.6.32/scalajs-library_2.12-0.6.32.jar:/Users/pedroalmeida/.m2/repository/org/scala-lang/modules/scala-collection-compat_sjs0.6_2.12/2.1.4/scala-collection-compat_sjs0.6_2.12-2.1.4.jar:/Users/pedroalmeida/.m2/repository/io/circe/circe-core_sjs0.6_2.12/0.13.0/circe-core_sjs0.6_2.12-0.13.0.jar:/Users/pedroalmeida/.m2/repository/io/circe/circe-numbers_sjs0.6_2.12/0.13.0/circe-numbers_sjs0.6_2.12-0.13.0.jar:/Users/pedroalmeida/.m2/repository/org/typelevel/cats-core_sjs0.6_2.12/2.1.0/cats-core_sjs0.6_2.12-2.1.0.jar:/Users/pedroalmeida/.m2/repository/org/typelevel/cats-macros_sjs0.6_2.12/2.1.0/cats-macros_sjs0.6_2.12-2.1.0.jar:/Users/pedroalmeida/.m2/repository/org/typelevel/cats-kernel_sjs0.6_2.12/2.1.0/cats-kernel_sjs0.6_2.12-2.1.0.jar:/Users/pedroalmeida/.m2/repository/io/circe/circe-parser_sjs0.6_2.12/0.13.0/circe-parser_sjs0.6_2.12-0.13.0.jar:/Users/pedroalmeida/.m2/repository/io/circe/circe-scalajs_sjs0.6_2.12/0.13.0/circe-scalajs_sjs0.6_2.12-0.13.0.jar:/Users/pedroalmeida/.m2/repository/io/circe/circe-literal_sjs0.6_2.12/0.13.0/circe-literal_sjs0.6_2.12-0.13.0.jar:/Users/pedroalmeida/.m2/repository/io/circe/circe-generic-extras_sjs0.6_2.12/0.13.0/circe-generic-extras_sjs0.6_2.12-0.13.0.jar:/Users/pedroalmeida/.m2/repository/io/circe/circe-generic_sjs0.6_2.12/0.13.0/circe-generic_sjs0.6_2.12-0.13.0.jar:/Users/pedroalmeida/.m2/repository/com/chuusai/shapeless_sjs0.6_2.12/2.3.3/shapeless_sjs0.6_2.12-2.3.3.jar:/Users/pedroalmeida/.m2/repository/org/typelevel/macro-compat_2.12/1.1.1/macro-compat_2.12-1.1.1.jar:/Users/pedroalmeida/.m2/repository/io/circe/circe-derivation_sjs0.6_2.12/0.13.0-M1/circe-derivation_sjs0.6_2.12-0.13.0-M1.jar:/Users/pedroalmeida/.m2/repository/io/github/cquiroz/scala-java-time_sjs0.6_2.12/2.0.0-RC3/scala-java-time_sjs0.6_2.12-2.0.0-RC3.jar:/Users/pedroalmeida/.m2/repository/io/github/cquiroz/scala-java-locales_sjs0.6_2.12/0.3.16-cldr35/scala-java-locales_sjs0.6_2.12-0.3.16-cldr35.jar:/Users/pedroalmeida/.m2/repository/org/typelevel/jawn-parser_2.12/1.0.0/jawn-parser_2.12-1.0.0.jar:"/>
    <property name="java.vm.vendor" value="Homebrew"/>
    <property name="sun.arch.data.model" value="64"/>
    <property name="java.vendor.url" value="https://github.com/Homebrew/homebrew-core/issues"/>
    <property name="os.name" value="Mac OS X"/>
    <property name="java.vm.specification.version" value="20"/>
    <property name="sun.java.launcher" value="SUN_STANDARD"/>
    <property name="user.country" value="PT"/>
    <property name="sun.boot.library.path" value="/opt/homebrew/Cellar/openjdk/20/libexec/openjdk.jdk/Contents/Home/lib"/>
    <property name="sun.java.command" value="/Users/pedroalmeida/workspace/ES-2023-LIGEPL-Grupo-D/target/surefire/surefirebooter10698321057315908849.jar /Users/pedroalmeida/workspace/ES-2023-LIGEPL-Grupo-D/target/surefire 2023-04-25T13-04-51_548-jvmRun1 surefire16891021280781988921tmp surefire_07098234328574290063tmp"/>
    <property name="http.nonProxyHosts" value="local|*.local|169.254/16|*.169.254/16"/>
    <property name="jdk.debug" value="release"/>
    <property name="surefire.test.class.path" value="/Users/pedroalmeida/workspace/ES-2023-LIGEPL-Grupo-D/target/test-classes:/Users/pedroalmeida/workspace/ES-2023-LIGEPL-Grupo-D/target/classes:/Users/pedroalmeida/.m2/repository/org/springframework/boot/spring-boot-starter-web/2.6.4/spring-boot-starter-web-2.6.4.jar:/Users/pedroalmeida/.m2/repository/org/springframework/boot/spring-boot-starter/2.6.4/spring-boot-starter-2.6.4.jar:/Users/pedroalmeida/.m2/repository/org/springframework/boot/spring-boot/2.6.4/spring-boot-2.6.4.jar:/Users/pedroalmeida/.m2/repository/org/springframework/boot/spring-boot-autoconfigure/2.6.4/spring-boot-autoconfigure-2.6.4.jar:/Users/pedroalmeida/.m2/repository/org/springframework/boot/spring-boot-starter-logging/2.6.4/spring-boot-starter-logging-2.6.4.jar:/Users/pedroalmeida/.m2/repository/ch/qos/logback/logback-classic/1.2.10/logback-classic-1.2.10.jar:/Users/pedroalmeida/.m2/repository/ch/qos/logback/logback-core/1.2.10/logback-core-1.2.10.jar:/Users/pedroalmeida/.m2/repository/org/apache/logging/log4j/log4j-to-slf4j/2.17.1/log4j-to-slf4j-2.17.1.jar:/Users/pedroalmeida/.m2/repository/org/apache/logging/log4j/log4j-api/2.17.1/log4j-api-2.17.1.jar:/Users/pedroalmeida/.m2/repository/org/slf4j/jul-to-slf4j/1.7.36/jul-to-slf4j-1.7.36.jar:/Users/pedroalmeida/.m2/repository/jakarta/annotation/jakarta.annotation-api/1.3.5/jakarta.annotation-api-1.3.5.jar:/Users/pedroalmeida/.m2/repository/org/springframework/spring-core/5.3.16/spring-core-5.3.16.jar:/Users/pedroalmeida/.m2/repository/org/springframework/spring-jcl/5.3.16/spring-jcl-5.3.16.jar:/Users/pedroalmeida/.m2/repository/org/yaml/snakeyaml/1.29/snakeyaml-1.29.jar:/Users/pedroalmeida/.m2/repository/org/springframework/boot/spring-boot-starter-json/2.6.4/spring-boot-starter-json-2.6.4.jar:/Users/pedroalmeida/.m2/repository/com/fasterxml/jackson/datatype/jackson-datatype-jdk8/2.13.1/jackson-datatype-jdk8-2.13.1.jar:/Users/pedroalmeida/.m2/repository/com/fasterxml/jackson/datatype/jackson-datatype-jsr310/2.13.1/jackson-datatype-jsr310-2.13.1.jar:/Users/pedroalmeida/.m2/repository/com/fasterxml/jackson/module/jackson-module-parameter-names/2.13.1/jackson-module-parameter-names-2.13.1.jar:/Users/pedroalmeida/.m2/repository/org/springframework/boot/spring-boot-starter-tomcat/2.6.4/spring-boot-starter-tomcat-2.6.4.jar:/Users/pedroalmeida/.m2/repository/org/apache/tomcat/embed/tomcat-embed-core/9.0.58/tomcat-embed-core-9.0.58.jar:/Users/pedroalmeida/.m2/repository/org/apache/tomcat/embed/tomcat-embed-el/9.0.58/tomcat-embed-el-9.0.58.jar:/Users/pedroalmeida/.m2/repository/org/apache/tomcat/embed/tomcat-embed-websocket/9.0.58/tomcat-embed-websocket-9.0.58.jar:/Users/pedroalmeida/.m2/repository/org/springframework/spring-web/5.3.16/spring-web-5.3.16.jar:/Users/pedroalmeida/.m2/repository/org/springframework/spring-beans/5.3.16/spring-beans-5.3.16.jar:/Users/pedroalmeida/.m2/repository/org/springframework/spring-webmvc/5.3.16/spring-webmvc-5.3.16.jar:/Users/pedroalmeida/.m2/repository/org/springframework/spring-aop/5.3.16/spring-aop-5.3.16.jar:/Users/pedroalmeida/.m2/repository/org/springframework/spring-context/5.3.16/spring-context-5.3.16.jar:/Users/pedroalmeida/.m2/repository/org/springframework/spring-expression/5.3.16/spring-expression-5.3.16.jar:/Users/pedroalmeida/.m2/repository/org/springframework/boot/spring-boot-starter-thymeleaf/2.6.4/spring-boot-starter-thymeleaf-2.6.4.jar:/Users/pedroalmeida/.m2/repository/org/thymeleaf/thymeleaf-spring5/3.0.15.RELEASE/thymeleaf-spring5-3.0.15.RELEASE.jar:/Users/pedroalmeida/.m2/repository/org/thymeleaf/thymeleaf/3.0.15.RELEASE/thymeleaf-3.0.15.RELEASE.jar:/Users/pedroalmeida/.m2/repository/org/attoparser/attoparser/2.0.5.RELEASE/attoparser-2.0.5.RELEASE.jar:/Users/pedroalmeida/.m2/repository/org/unbescape/unbescape/1.1.6.RELEASE/unbescape-1.1.6.RELEASE.jar:/Users/pedroalmeida/.m2/repository/org/slf4j/slf4j-api/1.7.36/slf4j-api-1.7.36.jar:/Users/pedroalmeida/.m2/repository/org/thymeleaf/extras/thymeleaf-extras-java8time/3.0.4.RELEASE/thymeleaf-extras-java8time-3.0.4.RELEASE.jar:/Users/pedroalmeida/.m2/repository/org/junit/jupiter/junit-jupiter-api/5.8.2/junit-jupiter-api-5.8.2.jar:/Users/pedroalmeida/.m2/repository/org/opentest4j/opentest4j/1.2.0/opentest4j-1.2.0.jar:/Users/pedroalmeida/.m2/repository/org/junit/platform/junit-platform-commons/1.8.2/junit-platform-commons-1.8.2.jar:/Users/pedroalmeida/.m2/repository/org/apiguardian/apiguardian-api/1.1.2/apiguardian-api-1.1.2.jar:/Users/pedroalmeida/.m2/repository/org/junit/jupiter/junit-jupiter-engine/5.8.2/junit-jupiter-engine-5.8.2.jar:/Users/pedroalmeida/.m2/repository/org/junit/platform/junit-platform-engine/1.8.2/junit-platform-engine-1.8.2.jar:/Users/pedroalmeida/.m2/repository/com/fasterxml/jackson/core/jackson-databind/2.15.0-rc1/jackson-databind-2.15.0-rc1.jar:/Users/pedroalmeida/.m2/repository/com/fasterxml/jackson/core/jackson-annotations/2.13.1/jackson-annotations-2.13.1.jar:/Users/pedroalmeida/.m2/repository/com/fasterxml/jackson/core/jackson-core/2.13.1/jackson-core-2.13.1.jar:/Users/pedroalmeida/.m2/repository/com/fasterxml/jackson/dataformat/jackson-dataformat-csv/2.13.1/jackson-dataformat-csv-2.13.1.jar:/Users/pedroalmeida/.m2/repository/com/opencsv/opencsv/5.5.2/opencsv-5.5.2.jar:/Users/pedroalmeida/.m2/repository/org/apache/commons/commons-lang3/3.12.0/commons-lang3-3.12.0.jar:/Users/pedroalmeida/.m2/repository/org/apache/commons/commons-text/1.9/commons-text-1.9.jar:/Users/pedroalmeida/.m2/repository/commons-beanutils/commons-beanutils/1.9.4/commons-beanutils-1.9.4.jar:/Users/pedroalmeida/.m2/repository/commons-logging/commons-logging/1.2/commons-logging-1.2.jar:/Users/pedroalmeida/.m2/repository/commons-collections/commons-collections/3.2.2/commons-collections-3.2.2.jar:/Users/pedroalmeida/.m2/repository/org/apache/commons/commons-collections4/4.4/commons-collections4-4.4.jar:/Users/pedroalmeida/.m2/repository/com/googlecode/json-simple/json-simple/1.1.1/json-simple-1.1.1.jar:/Users/pedroalmeida/.m2/repository/junit/junit/4.13.2/junit-4.13.2.jar:/Users/pedroalmeida/.m2/repository/org/hamcrest/hamcrest-core/2.2/hamcrest-core-2.2.jar:/Users/pedroalmeida/.m2/repository/org/hamcrest/hamcrest/2.2/hamcrest-2.2.jar:/Users/pedroalmeida/.m2/repository/com/github/wnameless/json-flattener/0.5.0/json-flattener-0.5.0.jar:/Users/pedroalmeida/.m2/repository/com/eclipsesource/minimal-json/minimal-json/0.9.5/minimal-json-0.9.5.jar:/Users/pedroalmeida/.m2/repository/org/apache/commons/commons-csv/1.9.0/commons-csv-1.9.0.jar:/Users/pedroalmeida/.m2/repository/io/7mind/izumi/fundamentals-json-circe_sjs0.6_2.12/0.10.2-M8/fundamentals-json-circe_sjs0.6_2.12-0.10.2-M8.jar:/Users/pedroalmeida/.m2/repository/org/scala-lang/scala-library/2.12.10/scala-library-2.12.10.jar:/Users/pedroalmeida/.m2/repository/io/7mind/izumi/fundamentals-platform_sjs0.6_2.12/0.10.2-M8/fundamentals-platform_sjs0.6_2.12-0.10.2-M8.jar:/Users/pedroalmeida/.m2/repository/io/7mind/izumi/fundamentals-collections_sjs0.6_2.12/0.10.2-M8/fundamentals-collections_sjs0.6_2.12-0.10.2-M8.jar:/Users/pedroalmeida/.m2/repository/io/7mind/izumi/fundamentals-functional_sjs0.6_2.12/0.10.2-M8/fundamentals-functional_sjs0.6_2.12-0.10.2-M8.jar:/Users/pedroalmeida/.m2/repository/org/scala-js/scalajs-library_2.12/0.6.32/scalajs-library_2.12-0.6.32.jar:/Users/pedroalmeida/.m2/repository/org/scala-lang/modules/scala-collection-compat_sjs0.6_2.12/2.1.4/scala-collection-compat_sjs0.6_2.12-2.1.4.jar:/Users/pedroalmeida/.m2/repository/io/circe/circe-core_sjs0.6_2.12/0.13.0/circe-core_sjs0.6_2.12-0.13.0.jar:/Users/pedroalmeida/.m2/repository/io/circe/circe-numbers_sjs0.6_2.12/0.13.0/circe-numbers_sjs0.6_2.12-0.13.0.jar:/Users/pedroalmeida/.m2/repository/org/typelevel/cats-core_sjs0.6_2.12/2.1.0/cats-core_sjs0.6_2.12-2.1.0.jar:/Users/pedroalmeida/.m2/repository/org/typelevel/cats-macros_sjs0.6_2.12/2.1.0/cats-macros_sjs0.6_2.12-2.1.0.jar:/Users/pedroalmeida/.m2/repository/org/typelevel/cats-kernel_sjs0.6_2.12/2.1.0/cats-kernel_sjs0.6_2.12-2.1.0.jar:/Users/pedroalmeida/.m2/repository/io/circe/circe-parser_sjs0.6_2.12/0.13.0/circe-parser_sjs0.6_2.12-0.13.0.jar:/Users/pedroalmeida/.m2/repository/io/circe/circe-scalajs_sjs0.6_2.12/0.13.0/circe-scalajs_sjs0.6_2.12-0.13.0.jar:/Users/pedroalmeida/.m2/repository/io/circe/circe-literal_sjs0.6_2.12/0.13.0/circe-literal_sjs0.6_2.12-0.13.0.jar:/Users/pedroalmeida/.m2/repository/io/circe/circe-generic-extras_sjs0.6_2.12/0.13.0/circe-generic-extras_sjs0.6_2.12-0.13.0.jar:/Users/pedroalmeida/.m2/repository/io/circe/circe-generic_sjs0.6_2.12/0.13.0/circe-generic_sjs0.6_2.12-0.13.0.jar:/Users/pedroalmeida/.m2/repository/com/chuusai/shapeless_sjs0.6_2.12/2.3.3/shapeless_sjs0.6_2.12-2.3.3.jar:/Users/pedroalmeida/.m2/repository/org/typelevel/macro-compat_2.12/1.1.1/macro-compat_2.12-1.1.1.jar:/Users/pedroalmeida/.m2/repository/io/circe/circe-derivation_sjs0.6_2.12/0.13.0-M1/circe-derivation_sjs0.6_2.12-0.13.0-M1.jar:/Users/pedroalmeida/.m2/repository/io/github/cquiroz/scala-java-time_sjs0.6_2.12/2.0.0-RC3/scala-java-time_sjs0.6_2.12-2.0.0-RC3.jar:/Users/pedroalmeida/.m2/repository/io/github/cquiroz/scala-java-locales_sjs0.6_2.12/0.3.16-cldr35/scala-java-locales_sjs0.6_2.12-0.3.16-cldr35.jar:/Users/pedroalmeida/.m2/repository/org/typelevel/jawn-parser_2.12/1.0.0/jawn-parser_2.12-1.0.0.jar:"/>
    <property name="sun.cpu.endian" value="little"/>
    <property name="user.home" value="/Users/pedroalmeida"/>
    <property name="user.language" value="en"/>
    <property name="java.specification.vendor" value="Oracle Corporation"/>
    <property name="java.version.date" value="2023-03-21"/>
    <property name="java.home" value="/opt/homebrew/Cellar/openjdk/20/libexec/openjdk.jdk/Contents/Home"/>
    <property name="file.separator" value="/"/>
    <property name="basedir" value="/Users/pedroalmeida/workspace/ES-2023-LIGEPL-Grupo-D"/>
    <property name="java.vm.compressedOopsMode" value="Zero based"/>
    <property name="line.separator" value="&#10;"/>
    <property name="java.vm.specification.vendor" value="Oracle Corporation"/>
    <property name="java.specification.name" value="Java Platform API Specification"/>
    <property name="apple.awt.application.name" value="ForkedBooter"/>
    <property name="surefire.real.class.path" value="/Users/pedroalmeida/workspace/ES-2023-LIGEPL-Grupo-D/target/surefire/surefirebooter10698321057315908849.jar"/>
    <property name="sun.management.compiler" value="HotSpot 64-Bit Tiered Compilers"/>
    <property name="ftp.nonProxyHosts" value="local|*.local|169.254/16|*.169.254/16"/>
    <property name="java.runtime.version" value="20"/>
    <property name="user.name" value="pedroalmeida"/>
    <property name="stdout.encoding" value="UTF-8"/>
    <property name="path.separator" value=":"/>
    <property name="os.version" value="13.3.1"/>
    <property name="java.runtime.name" value="OpenJDK Runtime Environment"/>
    <property name="file.encoding" value="UTF-8"/>
    <property name="java.vm.name" value="OpenJDK 64-Bit Server VM"/>
    <property name="java.vendor.version" value="Homebrew"/>
    <property name="localRepository" value="/Users/pedroalmeida/.m2/repository"/>
    <property name="java.vendor.url.bug" value="https://github.com/Homebrew/homebrew-core/issues"/>
    <property name="java.io.tmpdir" value="/var/folders/8s/ckhch65d1hv04_y0nx37y2s80000gn/T/"/>
    <property name="java.version" value="20"/>
    <property name="user.dir" value="/Users/pedroalmeida/workspace/ES-2023-LIGEPL-Grupo-D"/>
    <property name="os.arch" value="aarch64"/>
    <property name="java.vm.specification.name" value="Java Virtual Machine Specification"/>
    <property name="native.encoding" value="UTF-8"/>
    <property name="java.library.path" value="/Users/pedroalmeida/Library/Java/Extensions:/Library/Java/Extensions:/Network/Library/Java/Extensions:/System/Library/Java/Extensions:/usr/lib/java:."/>
    <property name="java.vm.info" value="mixed mode, sharing"/>
    <property name="stderr.encoding" value="UTF-8"/>
    <property name="java.vendor" value="Homebrew"/>
    <property name="java.vm.version" value="20"/>
    <property name="sun.io.unicode.encoding" value="UnicodeBig"/>
    <property name="socksNonProxyHosts" value="local|*.local|169.254/16|*.169.254/16"/>
    <property name="java.class.version" value="64.0"/>
  </properties>
  <testcase name="testHorarioReader" classname="ApplicationTest" time="0.013"/>
  <testcase name="testEscreverJson" classname="ApplicationTest" time="0.001"/>
  <testcase name="test" classname="ApplicationTest" time="0"/>
  <testcase name="runAllTests" classname="ApplicationTest" time="0.004"/>
  <testcase name="testHorario" classname="ApplicationTest" time="0"/>
  <testcase name="testHorarioController" classname="ApplicationTest" time="0.001"/>
  <testcase name="testApplication" classname="ApplicationTest" time="0"/>
  <testcase name="testConversorHorario" classname="ApplicationTest" time="0"/>
</testsuite>